Determining if the pthread_create exist failed with the following output:
Change Dir: /home/choi/catkin_nav/build_isolated/yocs_localization_manager/CMakeFiles/CMakeTmp

Run Build Command:"/usr/bin/make" "cmTC_e4971/fast"
/usr/bin/make -f CMakeFiles/cmTC_e4971.dir/build.make CMakeFiles/cmTC_e4971.dir/build
make[1]: Entering directory '/home/choi/catkin_nav/build_isolated/yocs_localization_manager/CMakeFiles/CMakeTmp'
Building C object CMakeFiles/cmTC_e4971.dir/CheckSymbolExists.c.o
/usr/bin/cc     -o CMakeFiles/cmTC_e4971.dir/CheckSymbolExists.c.o   -c /home/choi/catkin_nav/build_isolated/yocs_localization_manager/CMakeFiles/CMakeTmp/CheckSymbolExists.c
Linking C executable cmTC_e4971
/usr/bin/cmake -E cmake_link_script CMakeFiles/cmTC_e4971.dir/link.txt --verbose=1
/usr/bin/cc       CMakeFiles/cmTC_e4971.dir/CheckSymbolExists.c.o  -o cmTC_e4971 -rdynamic 
CMakeFiles/cmTC_e4971.dir/CheckSymbolExists.c.o: In function `main':
CheckSymbolExists.c:(.text+0x16): undefined reference to `pthread_create'
collect2: error: ld returned 1 exit status
CMakeFiles/cmTC_e4971.dir/build.make:97: recipe for target 'cmTC_e4971' failed
make[1]: *** [cmTC_e4971] Error 1
make[1]: Leaving directory '/home/choi/catkin_nav/build_isolated/yocs_localization_manager/CMakeFiles/CMakeTmp'
Makefile:126: recipe for target 'cmTC_e4971/fast' failed
make: *** [cmTC_e4971/fast] Error 2

File /home/choi/catkin_nav/build_isolated/yocs_localization_manager/CMakeFiles/CMakeTmp/CheckSymbolExists.c:
/* */
#include <pthread.h>

int main(int argc, char** argv)
{
  (void)argv;
#ifndef pthread_create
  return ((int*)(&pthread_create))[argc];
#else
  (void)argc;
  return 0;
#endif
}

Determining if the function pthread_create exists in the pthreads failed with the following output:
Change Dir: /home/choi/catkin_nav/build_isolated/yocs_localization_manager/CMakeFiles/CMakeTmp

Run Build Command:"/usr/bin/make" "cmTC_ff384/fast"
/usr/bin/make -f CMakeFiles/cmTC_ff384.dir/build.make CMakeFiles/cmTC_ff384.dir/build
make[1]: Entering directory '/home/choi/catkin_nav/build_isolated/yocs_localization_manager/CMakeFiles/CMakeTmp'
Building C object CMakeFiles/cmTC_ff384.dir/CheckFunctionExists.c.o
/usr/bin/cc    -DCHECK_FUNCTION_EXISTS=pthread_create   -o CMakeFiles/cmTC_ff384.dir/CheckFunctionExists.c.o   -c /usr/share/cmake-3.5/Modules/CheckFunctionExists.c
Linking C executable cmTC_ff384
/usr/bin/cmake -E cmake_link_script CMakeFiles/cmTC_ff384.dir/link.txt --verbose=1
/usr/bin/cc   -DCHECK_FUNCTION_EXISTS=pthread_create    CMakeFiles/cmTC_ff384.dir/CheckFunctionExists.c.o  -o cmTC_ff384 -rdynamic -lpthreads 
/usr/bin/ld: cannot find -lpthreads
collect2: error: ld returned 1 exit status
CMakeFiles/cmTC_ff384.dir/build.make:97: recipe for target 'cmTC_ff384' failed
make[1]: *** [cmTC_ff384] Error 1
make[1]: Leaving directory '/home/choi/catkin_nav/build_isolated/yocs_localization_manager/CMakeFiles/CMakeTmp'
Makefile:126: recipe for target 'cmTC_ff384/fast' failed
make: *** [cmTC_ff384/fast] Error 2


