Determining if the pthread_create exist failed with the following output:
Change Dir: /home/choi/catkin_nav/build_isolated/clear_costmap_recovery/CMakeFiles/CMakeTmp

Run Build Command:"/usr/bin/make" "cmTC_61fdc/fast"
/usr/bin/make -f CMakeFiles/cmTC_61fdc.dir/build.make CMakeFiles/cmTC_61fdc.dir/build
make[1]: Entering directory '/home/choi/catkin_nav/build_isolated/clear_costmap_recovery/CMakeFiles/CMakeTmp'
Building C object CMakeFiles/cmTC_61fdc.dir/CheckSymbolExists.c.o
/usr/bin/cc     -o CMakeFiles/cmTC_61fdc.dir/CheckSymbolExists.c.o   -c /home/choi/catkin_nav/build_isolated/clear_costmap_recovery/CMakeFiles/CMakeTmp/CheckSymbolExists.c
Linking C executable cmTC_61fdc
/usr/bin/cmake -E cmake_link_script CMakeFiles/cmTC_61fdc.dir/link.txt --verbose=1
/usr/bin/cc       CMakeFiles/cmTC_61fdc.dir/CheckSymbolExists.c.o  -o cmTC_61fdc -rdynamic 
CMakeFiles/cmTC_61fdc.dir/CheckSymbolExists.c.o: In function `main':
CheckSymbolExists.c:(.text+0x16): undefined reference to `pthread_create'
collect2: error: ld returned 1 exit status
CMakeFiles/cmTC_61fdc.dir/build.make:97: recipe for target 'cmTC_61fdc' failed
make[1]: *** [cmTC_61fdc] Error 1
make[1]: Leaving directory '/home/choi/catkin_nav/build_isolated/clear_costmap_recovery/CMakeFiles/CMakeTmp'
Makefile:126: recipe for target 'cmTC_61fdc/fast' failed
make: *** [cmTC_61fdc/fast] Error 2

File /home/choi/catkin_nav/build_isolated/clear_costmap_recovery/CMakeFiles/CMakeTmp/CheckSymbolExists.c:
/* */
#include <pthread.h>

int main(int argc, char** argv)
{
  (void)argv;
#ifndef pthread_create
  return ((int*)(&pthread_create))[argc];
#else
  (void)argc;
  return 0;
#endif
}

Determining if the function pthread_create exists in the pthreads failed with the following output:
Change Dir: /home/choi/catkin_nav/build_isolated/clear_costmap_recovery/CMakeFiles/CMakeTmp

Run Build Command:"/usr/bin/make" "cmTC_13f42/fast"
/usr/bin/make -f CMakeFiles/cmTC_13f42.dir/build.make CMakeFiles/cmTC_13f42.dir/build
make[1]: Entering directory '/home/choi/catkin_nav/build_isolated/clear_costmap_recovery/CMakeFiles/CMakeTmp'
Building C object CMakeFiles/cmTC_13f42.dir/CheckFunctionExists.c.o
/usr/bin/cc    -DCHECK_FUNCTION_EXISTS=pthread_create   -o CMakeFiles/cmTC_13f42.dir/CheckFunctionExists.c.o   -c /usr/share/cmake-3.5/Modules/CheckFunctionExists.c
Linking C executable cmTC_13f42
/usr/bin/cmake -E cmake_link_script CMakeFiles/cmTC_13f42.dir/link.txt --verbose=1
/usr/bin/cc   -DCHECK_FUNCTION_EXISTS=pthread_create    CMakeFiles/cmTC_13f42.dir/CheckFunctionExists.c.o  -o cmTC_13f42 -rdynamic -lpthreads 
/usr/bin/ld: cannot find -lpthreads
collect2: error: ld returned 1 exit status
CMakeFiles/cmTC_13f42.dir/build.make:97: recipe for target 'cmTC_13f42' failed
make[1]: *** [cmTC_13f42] Error 1
make[1]: Leaving directory '/home/choi/catkin_nav/build_isolated/clear_costmap_recovery/CMakeFiles/CMakeTmp'
Makefile:126: recipe for target 'cmTC_13f42/fast' failed
make: *** [cmTC_13f42/fast] Error 2


