Determining if the pthread_create exist failed with the following output:
Change Dir: /home/choi/catkin_nav/build_isolated/yocs_ar_pair_approach/CMakeFiles/CMakeTmp

Run Build Command:"/usr/bin/make" "cmTC_46abd/fast"
/usr/bin/make -f CMakeFiles/cmTC_46abd.dir/build.make CMakeFiles/cmTC_46abd.dir/build
make[1]: Entering directory '/home/choi/catkin_nav/build_isolated/yocs_ar_pair_approach/CMakeFiles/CMakeTmp'
Building C object CMakeFiles/cmTC_46abd.dir/CheckSymbolExists.c.o
/usr/bin/cc     -o CMakeFiles/cmTC_46abd.dir/CheckSymbolExists.c.o   -c /home/choi/catkin_nav/build_isolated/yocs_ar_pair_approach/CMakeFiles/CMakeTmp/CheckSymbolExists.c
Linking C executable cmTC_46abd
/usr/bin/cmake -E cmake_link_script CMakeFiles/cmTC_46abd.dir/link.txt --verbose=1
/usr/bin/cc       CMakeFiles/cmTC_46abd.dir/CheckSymbolExists.c.o  -o cmTC_46abd -rdynamic 
CMakeFiles/cmTC_46abd.dir/CheckSymbolExists.c.o: In function `main':
CheckSymbolExists.c:(.text+0x16): undefined reference to `pthread_create'
collect2: error: ld returned 1 exit status
CMakeFiles/cmTC_46abd.dir/build.make:97: recipe for target 'cmTC_46abd' failed
make[1]: *** [cmTC_46abd] Error 1
make[1]: Leaving directory '/home/choi/catkin_nav/build_isolated/yocs_ar_pair_approach/CMakeFiles/CMakeTmp'
Makefile:126: recipe for target 'cmTC_46abd/fast' failed
make: *** [cmTC_46abd/fast] Error 2

File /home/choi/catkin_nav/build_isolated/yocs_ar_pair_approach/CMakeFiles/CMakeTmp/CheckSymbolExists.c:
/* */
#include <pthread.h>

int main(int argc, char** argv)
{
  (void)argv;
#ifndef pthread_create
  return ((int*)(&pthread_create))[argc];
#else
  (void)argc;
  return 0;
#endif
}

Determining if the function pthread_create exists in the pthreads failed with the following output:
Change Dir: /home/choi/catkin_nav/build_isolated/yocs_ar_pair_approach/CMakeFiles/CMakeTmp

Run Build Command:"/usr/bin/make" "cmTC_db3a0/fast"
/usr/bin/make -f CMakeFiles/cmTC_db3a0.dir/build.make CMakeFiles/cmTC_db3a0.dir/build
make[1]: Entering directory '/home/choi/catkin_nav/build_isolated/yocs_ar_pair_approach/CMakeFiles/CMakeTmp'
Building C object CMakeFiles/cmTC_db3a0.dir/CheckFunctionExists.c.o
/usr/bin/cc    -DCHECK_FUNCTION_EXISTS=pthread_create   -o CMakeFiles/cmTC_db3a0.dir/CheckFunctionExists.c.o   -c /usr/share/cmake-3.5/Modules/CheckFunctionExists.c
Linking C executable cmTC_db3a0
/usr/bin/cmake -E cmake_link_script CMakeFiles/cmTC_db3a0.dir/link.txt --verbose=1
/usr/bin/cc   -DCHECK_FUNCTION_EXISTS=pthread_create    CMakeFiles/cmTC_db3a0.dir/CheckFunctionExists.c.o  -o cmTC_db3a0 -rdynamic -lpthreads 
/usr/bin/ld: cannot find -lpthreads
collect2: error: ld returned 1 exit status
CMakeFiles/cmTC_db3a0.dir/build.make:97: recipe for target 'cmTC_db3a0' failed
make[1]: *** [cmTC_db3a0] Error 1
make[1]: Leaving directory '/home/choi/catkin_nav/build_isolated/yocs_ar_pair_approach/CMakeFiles/CMakeTmp'
Makefile:126: recipe for target 'cmTC_db3a0/fast' failed
make: *** [cmTC_db3a0/fast] Error 2


