Determining if the pthread_create exist failed with the following output:
Change Dir: /home/choi/catkin_nav/build_isolated/nav_core/CMakeFiles/CMakeTmp

Run Build Command:"/usr/bin/make" "cmTC_04f94/fast"
/usr/bin/make -f CMakeFiles/cmTC_04f94.dir/build.make CMakeFiles/cmTC_04f94.dir/build
make[1]: Entering directory '/home/choi/catkin_nav/build_isolated/nav_core/CMakeFiles/CMakeTmp'
Building C object CMakeFiles/cmTC_04f94.dir/CheckSymbolExists.c.o
/usr/bin/cc     -o CMakeFiles/cmTC_04f94.dir/CheckSymbolExists.c.o   -c /home/choi/catkin_nav/build_isolated/nav_core/CMakeFiles/CMakeTmp/CheckSymbolExists.c
Linking C executable cmTC_04f94
/usr/bin/cmake -E cmake_link_script CMakeFiles/cmTC_04f94.dir/link.txt --verbose=1
/usr/bin/cc       CMakeFiles/cmTC_04f94.dir/CheckSymbolExists.c.o  -o cmTC_04f94 -rdynamic 
CMakeFiles/cmTC_04f94.dir/CheckSymbolExists.c.o: In function `main':
CheckSymbolExists.c:(.text+0x16): undefined reference to `pthread_create'
collect2: error: ld returned 1 exit status
CMakeFiles/cmTC_04f94.dir/build.make:97: recipe for target 'cmTC_04f94' failed
make[1]: *** [cmTC_04f94] Error 1
make[1]: Leaving directory '/home/choi/catkin_nav/build_isolated/nav_core/CMakeFiles/CMakeTmp'
Makefile:126: recipe for target 'cmTC_04f94/fast' failed
make: *** [cmTC_04f94/fast] Error 2

File /home/choi/catkin_nav/build_isolated/nav_core/CMakeFiles/CMakeTmp/CheckSymbolExists.c:
/* */
#include <pthread.h>

int main(int argc, char** argv)
{
  (void)argv;
#ifndef pthread_create
  return ((int*)(&pthread_create))[argc];
#else
  (void)argc;
  return 0;
#endif
}

Determining if the function pthread_create exists in the pthreads failed with the following output:
Change Dir: /home/choi/catkin_nav/build_isolated/nav_core/CMakeFiles/CMakeTmp

Run Build Command:"/usr/bin/make" "cmTC_57c97/fast"
/usr/bin/make -f CMakeFiles/cmTC_57c97.dir/build.make CMakeFiles/cmTC_57c97.dir/build
make[1]: Entering directory '/home/choi/catkin_nav/build_isolated/nav_core/CMakeFiles/CMakeTmp'
Building C object CMakeFiles/cmTC_57c97.dir/CheckFunctionExists.c.o
/usr/bin/cc    -DCHECK_FUNCTION_EXISTS=pthread_create   -o CMakeFiles/cmTC_57c97.dir/CheckFunctionExists.c.o   -c /usr/share/cmake-3.5/Modules/CheckFunctionExists.c
Linking C executable cmTC_57c97
/usr/bin/cmake -E cmake_link_script CMakeFiles/cmTC_57c97.dir/link.txt --verbose=1
/usr/bin/cc   -DCHECK_FUNCTION_EXISTS=pthread_create    CMakeFiles/cmTC_57c97.dir/CheckFunctionExists.c.o  -o cmTC_57c97 -rdynamic -lpthreads 
/usr/bin/ld: cannot find -lpthreads
collect2: error: ld returned 1 exit status
CMakeFiles/cmTC_57c97.dir/build.make:97: recipe for target 'cmTC_57c97' failed
make[1]: *** [cmTC_57c97] Error 1
make[1]: Leaving directory '/home/choi/catkin_nav/build_isolated/nav_core/CMakeFiles/CMakeTmp'
Makefile:126: recipe for target 'cmTC_57c97/fast' failed
make: *** [cmTC_57c97/fast] Error 2


