Determining if the pthread_create exist failed with the following output:
Change Dir: /home/choi/catkin_nav/build_isolated/m2wr_gazebo/CMakeFiles/CMakeTmp

Run Build Command:"/usr/bin/make" "cmTC_25dcf/fast"
/usr/bin/make -f CMakeFiles/cmTC_25dcf.dir/build.make CMakeFiles/cmTC_25dcf.dir/build
make[1]: Entering directory '/home/choi/catkin_nav/build_isolated/m2wr_gazebo/CMakeFiles/CMakeTmp'
Building C object CMakeFiles/cmTC_25dcf.dir/CheckSymbolExists.c.o
/usr/bin/cc     -o CMakeFiles/cmTC_25dcf.dir/CheckSymbolExists.c.o   -c /home/choi/catkin_nav/build_isolated/m2wr_gazebo/CMakeFiles/CMakeTmp/CheckSymbolExists.c
Linking C executable cmTC_25dcf
/usr/bin/cmake -E cmake_link_script CMakeFiles/cmTC_25dcf.dir/link.txt --verbose=1
/usr/bin/cc       CMakeFiles/cmTC_25dcf.dir/CheckSymbolExists.c.o  -o cmTC_25dcf -rdynamic 
CMakeFiles/cmTC_25dcf.dir/CheckSymbolExists.c.o: In function `main':
CheckSymbolExists.c:(.text+0x16): undefined reference to `pthread_create'
collect2: error: ld returned 1 exit status
CMakeFiles/cmTC_25dcf.dir/build.make:97: recipe for target 'cmTC_25dcf' failed
make[1]: *** [cmTC_25dcf] Error 1
make[1]: Leaving directory '/home/choi/catkin_nav/build_isolated/m2wr_gazebo/CMakeFiles/CMakeTmp'
Makefile:126: recipe for target 'cmTC_25dcf/fast' failed
make: *** [cmTC_25dcf/fast] Error 2

File /home/choi/catkin_nav/build_isolated/m2wr_gazebo/CMakeFiles/CMakeTmp/CheckSymbolExists.c:
/* */
#include <pthread.h>

int main(int argc, char** argv)
{
  (void)argv;
#ifndef pthread_create
  return ((int*)(&pthread_create))[argc];
#else
  (void)argc;
  return 0;
#endif
}

Determining if the function pthread_create exists in the pthreads failed with the following output:
Change Dir: /home/choi/catkin_nav/build_isolated/m2wr_gazebo/CMakeFiles/CMakeTmp

Run Build Command:"/usr/bin/make" "cmTC_8e373/fast"
/usr/bin/make -f CMakeFiles/cmTC_8e373.dir/build.make CMakeFiles/cmTC_8e373.dir/build
make[1]: Entering directory '/home/choi/catkin_nav/build_isolated/m2wr_gazebo/CMakeFiles/CMakeTmp'
Building C object CMakeFiles/cmTC_8e373.dir/CheckFunctionExists.c.o
/usr/bin/cc    -DCHECK_FUNCTION_EXISTS=pthread_create   -o CMakeFiles/cmTC_8e373.dir/CheckFunctionExists.c.o   -c /usr/share/cmake-3.5/Modules/CheckFunctionExists.c
Linking C executable cmTC_8e373
/usr/bin/cmake -E cmake_link_script CMakeFiles/cmTC_8e373.dir/link.txt --verbose=1
/usr/bin/cc   -DCHECK_FUNCTION_EXISTS=pthread_create    CMakeFiles/cmTC_8e373.dir/CheckFunctionExists.c.o  -o cmTC_8e373 -rdynamic -lpthreads 
/usr/bin/ld: cannot find -lpthreads
collect2: error: ld returned 1 exit status
CMakeFiles/cmTC_8e373.dir/build.make:97: recipe for target 'cmTC_8e373' failed
make[1]: *** [cmTC_8e373] Error 1
make[1]: Leaving directory '/home/choi/catkin_nav/build_isolated/m2wr_gazebo/CMakeFiles/CMakeTmp'
Makefile:126: recipe for target 'cmTC_8e373/fast' failed
make: *** [cmTC_8e373/fast] Error 2


