Determining if the pthread_create exist failed with the following output:
Change Dir: /home/choi/catkin_nav/build_isolated/yocs_waypoint_provider/CMakeFiles/CMakeTmp

Run Build Command:"/usr/bin/make" "cmTC_55013/fast"
/usr/bin/make -f CMakeFiles/cmTC_55013.dir/build.make CMakeFiles/cmTC_55013.dir/build
make[1]: Entering directory '/home/choi/catkin_nav/build_isolated/yocs_waypoint_provider/CMakeFiles/CMakeTmp'
Building C object CMakeFiles/cmTC_55013.dir/CheckSymbolExists.c.o
/usr/bin/cc     -o CMakeFiles/cmTC_55013.dir/CheckSymbolExists.c.o   -c /home/choi/catkin_nav/build_isolated/yocs_waypoint_provider/CMakeFiles/CMakeTmp/CheckSymbolExists.c
Linking C executable cmTC_55013
/usr/bin/cmake -E cmake_link_script CMakeFiles/cmTC_55013.dir/link.txt --verbose=1
/usr/bin/cc       CMakeFiles/cmTC_55013.dir/CheckSymbolExists.c.o  -o cmTC_55013 -rdynamic 
CMakeFiles/cmTC_55013.dir/CheckSymbolExists.c.o: In function `main':
CheckSymbolExists.c:(.text+0x16): undefined reference to `pthread_create'
collect2: error: ld returned 1 exit status
CMakeFiles/cmTC_55013.dir/build.make:97: recipe for target 'cmTC_55013' failed
make[1]: *** [cmTC_55013] Error 1
make[1]: Leaving directory '/home/choi/catkin_nav/build_isolated/yocs_waypoint_provider/CMakeFiles/CMakeTmp'
Makefile:126: recipe for target 'cmTC_55013/fast' failed
make: *** [cmTC_55013/fast] Error 2

File /home/choi/catkin_nav/build_isolated/yocs_waypoint_provider/CMakeFiles/CMakeTmp/CheckSymbolExists.c:
/* */
#include <pthread.h>

int main(int argc, char** argv)
{
  (void)argv;
#ifndef pthread_create
  return ((int*)(&pthread_create))[argc];
#else
  (void)argc;
  return 0;
#endif
}

Determining if the function pthread_create exists in the pthreads failed with the following output:
Change Dir: /home/choi/catkin_nav/build_isolated/yocs_waypoint_provider/CMakeFiles/CMakeTmp

Run Build Command:"/usr/bin/make" "cmTC_d876f/fast"
/usr/bin/make -f CMakeFiles/cmTC_d876f.dir/build.make CMakeFiles/cmTC_d876f.dir/build
make[1]: Entering directory '/home/choi/catkin_nav/build_isolated/yocs_waypoint_provider/CMakeFiles/CMakeTmp'
Building C object CMakeFiles/cmTC_d876f.dir/CheckFunctionExists.c.o
/usr/bin/cc    -DCHECK_FUNCTION_EXISTS=pthread_create   -o CMakeFiles/cmTC_d876f.dir/CheckFunctionExists.c.o   -c /usr/share/cmake-3.5/Modules/CheckFunctionExists.c
Linking C executable cmTC_d876f
/usr/bin/cmake -E cmake_link_script CMakeFiles/cmTC_d876f.dir/link.txt --verbose=1
/usr/bin/cc   -DCHECK_FUNCTION_EXISTS=pthread_create    CMakeFiles/cmTC_d876f.dir/CheckFunctionExists.c.o  -o cmTC_d876f -rdynamic -lpthreads 
/usr/bin/ld: cannot find -lpthreads
collect2: error: ld returned 1 exit status
CMakeFiles/cmTC_d876f.dir/build.make:97: recipe for target 'cmTC_d876f' failed
make[1]: *** [cmTC_d876f] Error 1
make[1]: Leaving directory '/home/choi/catkin_nav/build_isolated/yocs_waypoint_provider/CMakeFiles/CMakeTmp'
Makefile:126: recipe for target 'cmTC_d876f/fast' failed
make: *** [cmTC_d876f/fast] Error 2


