Determining if the pthread_create exist failed with the following output:
Change Dir: /home/choi/catkin_nav/build_isolated/ar_track_alvar_msgs/CMakeFiles/CMakeTmp

Run Build Command:"/usr/bin/make" "cmTC_f2723/fast"
/usr/bin/make -f CMakeFiles/cmTC_f2723.dir/build.make CMakeFiles/cmTC_f2723.dir/build
make[1]: Entering directory '/home/choi/catkin_nav/build_isolated/ar_track_alvar_msgs/CMakeFiles/CMakeTmp'
Building C object CMakeFiles/cmTC_f2723.dir/CheckSymbolExists.c.o
/usr/bin/cc     -o CMakeFiles/cmTC_f2723.dir/CheckSymbolExists.c.o   -c /home/choi/catkin_nav/build_isolated/ar_track_alvar_msgs/CMakeFiles/CMakeTmp/CheckSymbolExists.c
Linking C executable cmTC_f2723
/usr/bin/cmake -E cmake_link_script CMakeFiles/cmTC_f2723.dir/link.txt --verbose=1
/usr/bin/cc       CMakeFiles/cmTC_f2723.dir/CheckSymbolExists.c.o  -o cmTC_f2723 -rdynamic 
CMakeFiles/cmTC_f2723.dir/CheckSymbolExists.c.o: In function `main':
CheckSymbolExists.c:(.text+0x16): undefined reference to `pthread_create'
collect2: error: ld returned 1 exit status
CMakeFiles/cmTC_f2723.dir/build.make:97: recipe for target 'cmTC_f2723' failed
make[1]: *** [cmTC_f2723] Error 1
make[1]: Leaving directory '/home/choi/catkin_nav/build_isolated/ar_track_alvar_msgs/CMakeFiles/CMakeTmp'
Makefile:126: recipe for target 'cmTC_f2723/fast' failed
make: *** [cmTC_f2723/fast] Error 2

File /home/choi/catkin_nav/build_isolated/ar_track_alvar_msgs/CMakeFiles/CMakeTmp/CheckSymbolExists.c:
/* */
#include <pthread.h>

int main(int argc, char** argv)
{
  (void)argv;
#ifndef pthread_create
  return ((int*)(&pthread_create))[argc];
#else
  (void)argc;
  return 0;
#endif
}

Determining if the function pthread_create exists in the pthreads failed with the following output:
Change Dir: /home/choi/catkin_nav/build_isolated/ar_track_alvar_msgs/CMakeFiles/CMakeTmp

Run Build Command:"/usr/bin/make" "cmTC_681fd/fast"
/usr/bin/make -f CMakeFiles/cmTC_681fd.dir/build.make CMakeFiles/cmTC_681fd.dir/build
make[1]: Entering directory '/home/choi/catkin_nav/build_isolated/ar_track_alvar_msgs/CMakeFiles/CMakeTmp'
Building C object CMakeFiles/cmTC_681fd.dir/CheckFunctionExists.c.o
/usr/bin/cc    -DCHECK_FUNCTION_EXISTS=pthread_create   -o CMakeFiles/cmTC_681fd.dir/CheckFunctionExists.c.o   -c /usr/share/cmake-3.5/Modules/CheckFunctionExists.c
Linking C executable cmTC_681fd
/usr/bin/cmake -E cmake_link_script CMakeFiles/cmTC_681fd.dir/link.txt --verbose=1
/usr/bin/cc   -DCHECK_FUNCTION_EXISTS=pthread_create    CMakeFiles/cmTC_681fd.dir/CheckFunctionExists.c.o  -o cmTC_681fd -rdynamic -lpthreads 
/usr/bin/ld: cannot find -lpthreads
collect2: error: ld returned 1 exit status
CMakeFiles/cmTC_681fd.dir/build.make:97: recipe for target 'cmTC_681fd' failed
make[1]: *** [cmTC_681fd] Error 1
make[1]: Leaving directory '/home/choi/catkin_nav/build_isolated/ar_track_alvar_msgs/CMakeFiles/CMakeTmp'
Makefile:126: recipe for target 'cmTC_681fd/fast' failed
make: *** [cmTC_681fd/fast] Error 2


