Determining if the pthread_create exist failed with the following output:
Change Dir: /home/choi/catkin_nav/build_isolated/yocs_navi_toolkit/CMakeFiles/CMakeTmp

Run Build Command:"/usr/bin/make" "cmTC_04e17/fast"
/usr/bin/make -f CMakeFiles/cmTC_04e17.dir/build.make CMakeFiles/cmTC_04e17.dir/build
make[1]: Entering directory '/home/choi/catkin_nav/build_isolated/yocs_navi_toolkit/CMakeFiles/CMakeTmp'
Building C object CMakeFiles/cmTC_04e17.dir/CheckSymbolExists.c.o
/usr/bin/cc     -o CMakeFiles/cmTC_04e17.dir/CheckSymbolExists.c.o   -c /home/choi/catkin_nav/build_isolated/yocs_navi_toolkit/CMakeFiles/CMakeTmp/CheckSymbolExists.c
Linking C executable cmTC_04e17
/usr/bin/cmake -E cmake_link_script CMakeFiles/cmTC_04e17.dir/link.txt --verbose=1
/usr/bin/cc       CMakeFiles/cmTC_04e17.dir/CheckSymbolExists.c.o  -o cmTC_04e17 -rdynamic 
CMakeFiles/cmTC_04e17.dir/CheckSymbolExists.c.o: In function `main':
CheckSymbolExists.c:(.text+0x16): undefined reference to `pthread_create'
collect2: error: ld returned 1 exit status
CMakeFiles/cmTC_04e17.dir/build.make:97: recipe for target 'cmTC_04e17' failed
make[1]: *** [cmTC_04e17] Error 1
make[1]: Leaving directory '/home/choi/catkin_nav/build_isolated/yocs_navi_toolkit/CMakeFiles/CMakeTmp'
Makefile:126: recipe for target 'cmTC_04e17/fast' failed
make: *** [cmTC_04e17/fast] Error 2

File /home/choi/catkin_nav/build_isolated/yocs_navi_toolkit/CMakeFiles/CMakeTmp/CheckSymbolExists.c:
/* */
#include <pthread.h>

int main(int argc, char** argv)
{
  (void)argv;
#ifndef pthread_create
  return ((int*)(&pthread_create))[argc];
#else
  (void)argc;
  return 0;
#endif
}

Determining if the function pthread_create exists in the pthreads failed with the following output:
Change Dir: /home/choi/catkin_nav/build_isolated/yocs_navi_toolkit/CMakeFiles/CMakeTmp

Run Build Command:"/usr/bin/make" "cmTC_68464/fast"
/usr/bin/make -f CMakeFiles/cmTC_68464.dir/build.make CMakeFiles/cmTC_68464.dir/build
make[1]: Entering directory '/home/choi/catkin_nav/build_isolated/yocs_navi_toolkit/CMakeFiles/CMakeTmp'
Building C object CMakeFiles/cmTC_68464.dir/CheckFunctionExists.c.o
/usr/bin/cc    -DCHECK_FUNCTION_EXISTS=pthread_create   -o CMakeFiles/cmTC_68464.dir/CheckFunctionExists.c.o   -c /usr/share/cmake-3.5/Modules/CheckFunctionExists.c
Linking C executable cmTC_68464
/usr/bin/cmake -E cmake_link_script CMakeFiles/cmTC_68464.dir/link.txt --verbose=1
/usr/bin/cc   -DCHECK_FUNCTION_EXISTS=pthread_create    CMakeFiles/cmTC_68464.dir/CheckFunctionExists.c.o  -o cmTC_68464 -rdynamic -lpthreads 
/usr/bin/ld: cannot find -lpthreads
collect2: error: ld returned 1 exit status
CMakeFiles/cmTC_68464.dir/build.make:97: recipe for target 'cmTC_68464' failed
make[1]: *** [cmTC_68464] Error 1
make[1]: Leaving directory '/home/choi/catkin_nav/build_isolated/yocs_navi_toolkit/CMakeFiles/CMakeTmp'
Makefile:126: recipe for target 'cmTC_68464/fast' failed
make: *** [cmTC_68464/fast] Error 2


