Determining if the pthread_create exist failed with the following output:
Change Dir: /home/choi/catkin_nav/build_isolated/observer/CMakeFiles/CMakeTmp

Run Build Command:"/usr/bin/make" "cmTC_383da/fast"
/usr/bin/make -f CMakeFiles/cmTC_383da.dir/build.make CMakeFiles/cmTC_383da.dir/build
make[1]: Entering directory '/home/choi/catkin_nav/build_isolated/observer/CMakeFiles/CMakeTmp'
Building C object CMakeFiles/cmTC_383da.dir/CheckSymbolExists.c.o
/usr/bin/cc     -o CMakeFiles/cmTC_383da.dir/CheckSymbolExists.c.o   -c /home/choi/catkin_nav/build_isolated/observer/CMakeFiles/CMakeTmp/CheckSymbolExists.c
Linking C executable cmTC_383da
/usr/bin/cmake -E cmake_link_script CMakeFiles/cmTC_383da.dir/link.txt --verbose=1
/usr/bin/cc       CMakeFiles/cmTC_383da.dir/CheckSymbolExists.c.o  -o cmTC_383da -rdynamic 
CMakeFiles/cmTC_383da.dir/CheckSymbolExists.c.o: In function `main':
CheckSymbolExists.c:(.text+0x16): undefined reference to `pthread_create'
collect2: error: ld returned 1 exit status
CMakeFiles/cmTC_383da.dir/build.make:97: recipe for target 'cmTC_383da' failed
make[1]: *** [cmTC_383da] Error 1
make[1]: Leaving directory '/home/choi/catkin_nav/build_isolated/observer/CMakeFiles/CMakeTmp'
Makefile:126: recipe for target 'cmTC_383da/fast' failed
make: *** [cmTC_383da/fast] Error 2

File /home/choi/catkin_nav/build_isolated/observer/CMakeFiles/CMakeTmp/CheckSymbolExists.c:
/* */
#include <pthread.h>

int main(int argc, char** argv)
{
  (void)argv;
#ifndef pthread_create
  return ((int*)(&pthread_create))[argc];
#else
  (void)argc;
  return 0;
#endif
}

Determining if the function pthread_create exists in the pthreads failed with the following output:
Change Dir: /home/choi/catkin_nav/build_isolated/observer/CMakeFiles/CMakeTmp

Run Build Command:"/usr/bin/make" "cmTC_15984/fast"
/usr/bin/make -f CMakeFiles/cmTC_15984.dir/build.make CMakeFiles/cmTC_15984.dir/build
make[1]: Entering directory '/home/choi/catkin_nav/build_isolated/observer/CMakeFiles/CMakeTmp'
Building C object CMakeFiles/cmTC_15984.dir/CheckFunctionExists.c.o
/usr/bin/cc    -DCHECK_FUNCTION_EXISTS=pthread_create   -o CMakeFiles/cmTC_15984.dir/CheckFunctionExists.c.o   -c /usr/share/cmake-3.5/Modules/CheckFunctionExists.c
Linking C executable cmTC_15984
/usr/bin/cmake -E cmake_link_script CMakeFiles/cmTC_15984.dir/link.txt --verbose=1
/usr/bin/cc   -DCHECK_FUNCTION_EXISTS=pthread_create    CMakeFiles/cmTC_15984.dir/CheckFunctionExists.c.o  -o cmTC_15984 -rdynamic -lpthreads 
/usr/bin/ld: cannot find -lpthreads
collect2: error: ld returned 1 exit status
CMakeFiles/cmTC_15984.dir/build.make:97: recipe for target 'cmTC_15984' failed
make[1]: *** [cmTC_15984] Error 1
make[1]: Leaving directory '/home/choi/catkin_nav/build_isolated/observer/CMakeFiles/CMakeTmp'
Makefile:126: recipe for target 'cmTC_15984/fast' failed
make: *** [cmTC_15984/fast] Error 2


